2014/02/27 10:19:28 [error] [php] fgets(): SSL: Connection reset by peer (/var/www/vhosts/proemocion.com/httpdocs/protected/controllers/CompraController.php:462)
Stack trace:
#0 /var/www/vhosts/proemocion.com/httpdocs/yii/framework/web/CController.php(308): CInlineAction->runWithParams()
#1 /var/www/vhosts/proemocion.com/httpdocs/yii/framework/web/filters/CFilterChain.php(133): CompraController->runAction()
#2 /var/www/vhosts/proemocion.com/httpdocs/yii/framework/web/filters/CFilter.php(40): CFilterChain->run()
#3 /var/www/vhosts/proemocion.com/httpdocs/yii/framework/web/CController.php(1145): CAccessControlFilter->filter()
#4 /var/www/vhosts/proemocion.com/httpdocs/yii/framework/web/filters/CInlineFilter.php(58): CompraController->filterAccessControl()
#5 /var/www/vhosts/proemocion.com/httpdocs/yii/framework/web/filters/CFilterChain.php(130): CInlineFilter->filter()
#6 /var/www/vhosts/proemocion.com/httpdocs/yii/framework/web/CController.php(291): CFilterChain->run()
#7 /var/www/vhosts/proemocion.com/httpdocs/yii/framework/web/CController.php(265): CompraController->runActionWithFilters()
#8 /var/www/vhosts/proemocion.com/httpdocs/yii/framework/web/CWebApplication.php(282): CompraController->run()
#9 /var/www/vhosts/proemocion.com/httpdocs/yii/framework/web/CWebApplication.php(141): CWebApplication->runController()
#10 /var/www/vhosts/proemocion.com/httpdocs/yii/framework/base/CApplication.php(169): CWebApplication->processRequest()
#11 /var/www/vhosts/proemocion.com/httpdocs/index.php(14): CWebApplication->run()
REQUEST_URI=/compra/checkoutBonoNew
2014/02/27 10:21:35 [error] [php] fgets(): SSL: Connection reset by peer (/var/www/vhosts/proemocion.com/httpdocs/protected/controllers/SiteController.php:211)
Stack trace:
#0 /var/www/vhosts/proemocion.com/httpdocs/yii/framework/web/CController.php(308): CInlineAction->runWithParams()
#1 /var/www/vhosts/proemocion.com/httpdocs/yii/framework/web/CController.php(286): SiteController->runAction()
#2 /var/www/vhosts/proemocion.com/httpdocs/yii/framework/web/CController.php(265): SiteController->runActionWithFilters()
#3 /var/www/vhosts/proemocion.com/httpdocs/yii/framework/web/CWebApplication.php(282): SiteController->run()
#4 /var/www/vhosts/proemocion.com/httpdocs/yii/framework/web/CWebApplication.php(141): CWebApplication->runController()
#5 /var/www/vhosts/proemocion.com/httpdocs/yii/framework/base/CApplication.php(169): CWebApplication->processRequest()
#6 /var/www/vhosts/proemocion.com/httpdocs/index.php(14): CWebApplication->run()
REQUEST_URI=/site/checkoutBonoNew
2014/02/27 10:24:41 [error] [exception.CHttpException.404] exception 'CHttpException' with message 'No es posible resolver la solicitud "comrpa/checkoutBonoNew"' in /var/www/vhosts/proemocion.com/httpdocs/yii/framework/web/CWebApplication.php:286
Stack trace:
#0 /var/www/vhosts/proemocion.com/httpdocs/yii/framework/web/CWebApplication.php(141): CWebApplication->runController('comrpa/checkout...')
#1 /var/www/vhosts/proemocion.com/httpdocs/yii/framework/base/CApplication.php(169): CWebApplication->processRequest()
#2 /var/www/vhosts/proemocion.com/httpdocs/index.php(14): CApplication->run()
#3 {main}
REQUEST_URI=/comrpa/checkoutBonoNew
---
2014/02/27 10:24:59 [error] [php] fgets(): SSL: Connection reset by peer (/var/www/vhosts/proemocion.com/httpdocs/protected/controllers/CompraController.php:462)
Stack trace:
#0 /var/www/vhosts/proemocion.com/httpdocs/yii/framework/web/CController.php(308): CInlineAction->runWithParams()
#1 /var/www/vhosts/proemocion.com/httpdocs/yii/framework/web/filters/CFilterChain.php(133): CompraController->runAction()
#2 /var/www/vhosts/proemocion.com/httpdocs/yii/framework/web/filters/CFilter.php(40): CFilterChain->run()
#3 /var/www/vhosts/proemocion.com/httpdocs/yii/framework/web/CController.php(1145): CAccessControlFilter->filter()
#4 /var/www/vhosts/proemocion.com/httpdocs/yii/framework/web/filters/CInlineFilter.php(58): CompraController->filterAccessControl()
#5 /var/www/vhosts/proemocion.com/httpdocs/yii/framework/web/filters/CFilterChain.php(130): CInlineFilter->filter()
#6 /var/www/vhosts/proemocion.com/httpdocs/yii/framework/web/CController.php(291): CFilterChain->run()
#7 /var/www/vhosts/proemocion.com/httpdocs/yii/framework/web/CController.php(265): CompraController->runActionWithFilters()
#8 /var/www/vhosts/proemocion.com/httpdocs/yii/framework/web/CWebApplication.php(282): CompraController->run()
#9 /var/www/vhosts/proemocion.com/httpdocs/yii/framework/web/CWebApplication.php(141): CWebApplication->runController()
#10 /var/www/vhosts/proemocion.com/httpdocs/yii/framework/base/CApplication.php(169): CWebApplication->processRequest()
#11 /var/www/vhosts/proemocion.com/httpdocs/index.php(14): CWebApplication->run()
REQUEST_URI=/compra/checkoutBonoNew
2014/02/27 10:43:48 [error] [php] fsockopen(): unable to connect to http://www.sandbox.paypal.com:80 (Unable to find the socket transport "http" - did you forget to enable it when you configured PHP?) (/var/www/vhosts/proemocion.com/httpdocs/protected/controllers/CompraController.php:454)
Stack trace:
#0 /var/www/vhosts/proemocion.com/httpdocs/yii/framework/web/CController.php(308): CInlineAction->runWithParams()
#1 /var/www/vhosts/proemocion.com/httpdocs/yii/framework/web/filters/CFilterChain.php(133): CompraController->runAction()
#2 /var/www/vhosts/proemocion.com/httpdocs/yii/framework/web/filters/CFilter.php(40): CFilterChain->run()
#3 /var/www/vhosts/proemocion.com/httpdocs/yii/framework/web/CController.php(1145): CAccessControlFilter->filter()
#4 /var/www/vhosts/proemocion.com/httpdocs/yii/framework/web/filters/CInlineFilter.php(58): CompraController->filterAccessControl()
#5 /var/www/vhosts/proemocion.com/httpdocs/yii/framework/web/filters/CFilterChain.php(130): CInlineFilter->filter()
#6 /var/www/vhosts/proemocion.com/httpdocs/yii/framework/web/CController.php(291): CFilterChain->run()
#7 /var/www/vhosts/proemocion.com/httpdocs/yii/framework/web/CController.php(265): CompraController->runActionWithFilters()
#8 /var/www/vhosts/proemocion.com/httpdocs/yii/framework/web/CWebApplication.php(282): CompraController->run()
#9 /var/www/vhosts/proemocion.com/httpdocs/yii/framework/web/CWebApplication.php(141): CWebApplication->runController()
#10 /var/www/vhosts/proemocion.com/httpdocs/yii/framework/base/CApplication.php(169): CWebApplication->processRequest()
#11 /var/www/vhosts/proemocion.com/httpdocs/index.php(14): CWebApplication->run()
REQUEST_URI=/compra/checkoutBonoNew
2014/02/27 10:45:07 [error] [php] fsockopen(): unable to connect to http://www.sandbox.paypal.com:80 (Unable to find the socket transport "http" - did you forget to enable it when you configured PHP?) (/var/www/vhosts/proemocion.com/httpdocs/protected/controllers/CompraController.php:454)
Stack trace:
#0 /var/www/vhosts/proemocion.com/httpdocs/yii/framework/web/CController.php(308): CInlineAction->runWithParams()
#1 /var/www/vhosts/proemocion.com/httpdocs/yii/framework/web/filters/CFilterChain.php(133): CompraController->runAction()
#2 /var/www/vhosts/proemocion.com/httpdocs/yii/framework/web/filters/CFilter.php(40): CFilterChain->run()
#3 /var/www/vhosts/proemocion.com/httpdocs/yii/framework/web/CController.php(1145): CAccessControlFilter->filter()
#4 /var/www/vhosts/proemocion.com/httpdocs/yii/framework/web/filters/CInlineFilter.php(58): CompraController->filterAccessControl()
#5 /var/www/vhosts/proemocion.com/httpdocs/yii/framework/web/filters/CFilterChain.php(130): CInlineFilter->filter()
#6 /var/www/vhosts/proemocion.com/httpdocs/yii/framework/web/CController.php(291): CFilterChain->run()
#7 /var/www/vhosts/proemocion.com/httpdocs/yii/framework/web/CController.php(265): CompraController->runActionWithFilters()
#8 /var/www/vhosts/proemocion.com/httpdocs/yii/framework/web/CWebApplication.php(282): CompraController->run()
#9 /var/www/vhosts/proemocion.com/httpdocs/yii/framework/web/CWebApplication.php(141): CWebApplication->runController()
#10 /var/www/vhosts/proemocion.com/httpdocs/yii/framework/base/CApplication.php(169): CWebApplication->processRequest()
#11 /var/www/vhosts/proemocion.com/httpdocs/index.php(14): CWebApplication->run()
REQUEST_URI=/compra/checkoutBonoNew
2014/02/27 11:59:31 [error] [exception.CException] exception 'CException' with message 'Image format not supported: image/x-ms-bmp' in /var/www/vhosts/proemocion.com/httpdocs/protected/extensions/EPhpThumb/EPhpThumb.php:59
Stack trace:
#0 /var/www/vhosts/proemocion.com/httpdocs/protected/extensions/EPhpThumb/EPhpThumb.php(44): EPhpThumb::thumbFactory('/var/www/vhosts...')
#1 /var/www/vhosts/proemocion.com/httpdocs/protected/modules/user/controllers/ItemController.php(68): EPhpThumb->create('/var/www/vhosts...')
#2 /var/www/vhosts/proemocion.com/httpdocs/yii/framework/web/actions/CInlineAction.php(49): ItemController->actionUpload()
#3 /var/www/vhosts/proemocion.com/httpdocs/yii/framework/web/CController.php(308): CInlineAction->runWithParams(Array)
#4 /var/www/vhosts/proemocion.com/httpdocs/yii/framework/web/CController.php(286): CController->runAction(Object(CInlineAction))
#5 /var/www/vhosts/proemocion.com/httpdocs/yii/framework/web/CController.php(265): CController->runActionWithFilters(Object(CInlineAction), Array)
#6 /var/www/vhosts/proemocion.com/httpdocs/yii/framework/web/CWebApplication.php(282): CController->run('upload')
#7 /var/www/vhosts/proemocion.com/httpdocs/yii/framework/web/CWebApplication.php(141): CWebApplication->runController('user/item/uploa...')
#8 /var/www/vhosts/proemocion.com/httpdocs/yii/framework/base/CApplication.php(169): CWebApplication->processRequest()
#9 /var/www/vhosts/proemocion.com/httpdocs/index.php(14): CApplication->run()
#10 {main}
REQUEST_URI=/user/item/upload
HTTP_REFERER=http://proemocion.com/user/empresa
---
2014/02/27 13:35:52 [error] [exception.CHttpException.404] exception 'CHttpException' with message 'No es posible resolver la solicitud "robots.txt"' in /var/www/vhosts/proemocion.com/httpdocs/yii/framework/web/CWebApplication.php:286
Stack trace:
#0 /var/www/vhosts/proemocion.com/httpdocs/yii/framework/web/CWebApplication.php(141): CWebApplication->runController('robots.txt')
#1 /var/www/vhosts/proemocion.com/httpdocs/yii/framework/base/CApplication.php(169): CWebApplication->processRequest()
#2 /var/www/vhosts/proemocion.com/httpdocs/index.php(14): CApplication->run()
#3 {main}
REQUEST_URI=/robots.txt
---
2014/02/27 14:40:55 [error] [system.db.CDbCommand] CDbCommand::execute() falló: SQLSTATE[23000]: Integrity constraint violation: 1452 Cannot add or update a child row: a foreign key constraint fails (`promos`.`tbl_compras`, CONSTRAINT `tbl_compras_ibfk_2` FOREIGN KEY (`id_promo`) REFERENCES `tbl_promociones` (`id`) ON DELETE CASCADE ON UPDATE CASCADE). La sentencia SQL ejecutada fue: INSERT INTO `tbl_compras` (`votado`, `id_usuario`, `id_promo`, `referencia`, `fecha_compra`, `estado`) VALUES (:yp0, :yp1, :yp2, :yp3, :yp4, :yp5). Bound with :yp0=0, :yp1=11, :yp2=1, :yp3='718736668', :yp4='2014-02-27 14:40:55', :yp5=1.
2014/02/27 14:40:55 [error] [exception.CDbException] exception 'CDbException' with message 'CDbCommand falló al ejecutar la sentencia SQL: SQLSTATE[23000]: Integrity constraint violation: 1452 Cannot add or update a child row: a foreign key constraint fails (`promos`.`tbl_compras`, CONSTRAINT `tbl_compras_ibfk_2` FOREIGN KEY (`id_promo`) REFERENCES `tbl_promociones` (`id`) ON DELETE CASCADE ON UPDATE CASCADE)' in /var/www/vhosts/proemocion.com/httpdocs/yii/framework/db/CDbCommand.php:357
Stack trace:
#0 /var/www/vhosts/proemocion.com/httpdocs/yii/framework/db/ar/CActiveRecord.php(1023): CDbCommand->execute()
#1 /var/www/vhosts/proemocion.com/httpdocs/yii/framework/db/ar/CActiveRecord.php(795): CActiveRecord->insert(NULL)
#2 /var/www/vhosts/proemocion.com/httpdocs/protected/controllers/CompraController.php(318): CActiveRecord->save()
#3 /var/www/vhosts/proemocion.com/httpdocs/protected/controllers/CompraController.php(441): CompraController->insertarCompra('11', '1', '718736668', NULL, '11_1')
#4 /var/www/vhosts/proemocion.com/httpdocs/yii/framework/web/actions/CInlineAction.php(49): CompraController->actionCheckoutBono()
#5 /var/www/vhosts/proemocion.com/httpdocs/yii/framework/web/CController.php(308): CInlineAction->runWithParams(Array)
#6 /var/www/vhosts/proemocion.com/httpdocs/yii/framework/web/filters/CFilterChain.php(133): CController->runAction(Object(CInlineAction))
#7 /var/www/vhosts/proemocion.com/httpdocs/yii/framework/web/filters/CFilter.php(40): CFilterChain->run()
#8 /var/www/vhosts/proemocion.com/httpdocs/yii/framework/web/CController.php(1145): CFilter->filter(Object(CFilterChain))
#9 /var/www/vhosts/proemocion.com/httpdocs/yii/framework/web/filters/CInlineFilter.php(58): CController->filterAccessControl(Object(CFilterChain))
#10 /var/www/vhosts/proemocion.com/httpdocs/yii/framework/web/filters/CFilterChain.php(130): CInlineFilter->filter(Object(CFilterChain))
#11 /var/www/vhosts/proemocion.com/httpdocs/yii/framework/web/CController.php(291): CFilterChain->run()
#12 /var/www/vhosts/proemocion.com/httpdocs/yii/framework/web/CController.php(265): CController->runActionWithFilters(Object(CInlineAction), Array)
#13 /var/www/vhosts/proemocion.com/httpdocs/yii/framework/web/CWebApplication.php(282): CController->run('checkoutBono')
#14 /var/www/vhosts/proemocion.com/httpdocs/yii/framework/web/CWebApplication.php(141): CWebApplication->runController('compra/checkout...')
#15 /var/www/vhosts/proemocion.com/httpdocs/yii/framework/base/CApplication.php(169): CWebApplication->processRequest()
#16 /var/www/vhosts/proemocion.com/httpdocs/index.php(14): CApplication->run()
#17 {main}
REQUEST_URI=/compra/checkoutBono
---
2014/02/27 14:41:48 [error] [system.db.CDbCommand] CDbCommand::execute() falló: SQLSTATE[23000]: Integrity constraint violation: 1452 Cannot add or update a child row: a foreign key constraint fails (`promos`.`tbl_compras`, CONSTRAINT `tbl_compras_ibfk_2` FOREIGN KEY (`id_promo`) REFERENCES `tbl_promociones` (`id`) ON DELETE CASCADE ON UPDATE CASCADE). La sentencia SQL ejecutada fue: INSERT INTO `tbl_compras` (`votado`, `id_usuario`, `id_promo`, `referencia`, `fecha_compra`, `estado`) VALUES (:yp0, :yp1, :yp2, :yp3, :yp4, :yp5). Bound with :yp0=0, :yp1=11, :yp2=1, :yp3='486241797', :yp4='2014-02-27 14:41:48', :yp5=1.
2014/02/27 14:41:48 [error] [exception.CDbException] exception 'CDbException' with message 'CDbCommand falló al ejecutar la sentencia SQL: SQLSTATE[23000]: Integrity constraint violation: 1452 Cannot add or update a child row: a foreign key constraint fails (`promos`.`tbl_compras`, CONSTRAINT `tbl_compras_ibfk_2` FOREIGN KEY (`id_promo`) REFERENCES `tbl_promociones` (`id`) ON DELETE CASCADE ON UPDATE CASCADE)' in /var/www/vhosts/proemocion.com/httpdocs/yii/framework/db/CDbCommand.php:357
Stack trace:
#0 /var/www/vhosts/proemocion.com/httpdocs/yii/framework/db/ar/CActiveRecord.php(1023): CDbCommand->execute()
#1 /var/www/vhosts/proemocion.com/httpdocs/yii/framework/db/ar/CActiveRecord.php(795): CActiveRecord->insert(NULL)
#2 /var/www/vhosts/proemocion.com/httpdocs/protected/controllers/CompraController.php(318): CActiveRecord->save()
#3 /var/www/vhosts/proemocion.com/httpdocs/protected/controllers/CompraController.php(441): CompraController->insertarCompra('11', '1', '486241797', NULL, '11_1')
#4 /var/www/vhosts/proemocion.com/httpdocs/yii/framework/web/actions/CInlineAction.php(49): CompraController->actionCheckoutBono()
#5 /var/www/vhosts/proemocion.com/httpdocs/yii/framework/web/CController.php(308): CInlineAction->runWithParams(Array)
#6 /var/www/vhosts/proemocion.com/httpdocs/yii/framework/web/filters/CFilterChain.php(133): CController->runAction(Object(CInlineAction))
#7 /var/www/vhosts/proemocion.com/httpdocs/yii/framework/web/filters/CFilter.php(40): CFilterChain->run()
#8 /var/www/vhosts/proemocion.com/httpdocs/yii/framework/web/CController.php(1145): CFilter->filter(Object(CFilterChain))
#9 /var/www/vhosts/proemocion.com/httpdocs/yii/framework/web/filters/CInlineFilter.php(58): CController->filterAccessControl(Object(CFilterChain))
#10 /var/www/vhosts/proemocion.com/httpdocs/yii/framework/web/filters/CFilterChain.php(130): CInlineFilter->filter(Object(CFilterChain))
#11 /var/www/vhosts/proemocion.com/httpdocs/yii/framework/web/CController.php(291): CFilterChain->run()
#12 /var/www/vhosts/proemocion.com/httpdocs/yii/framework/web/CController.php(265): CController->runActionWithFilters(Object(CInlineAction), Array)
#13 /var/www/vhosts/proemocion.com/httpdocs/yii/framework/web/CWebApplication.php(282): CController->run('checkoutBono')
#14 /var/www/vhosts/proemocion.com/httpdocs/yii/framework/web/CWebApplication.php(141): CWebApplication->runController('compra/checkout...')
#15 /var/www/vhosts/proemocion.com/httpdocs/yii/framework/base/CApplication.php(169): CWebApplication->processRequest()
#16 /var/www/vhosts/proemocion.com/httpdocs/index.php(14): CApplication->run()
#17 {main}
REQUEST_URI=/compra/checkoutBono
---
2014/02/27 14:44:59 [error] [system.db.CDbCommand] CDbCommand::execute() falló: SQLSTATE[23000]: Integrity constraint violation: 1452 Cannot add or update a child row: a foreign key constraint fails (`promos`.`tbl_compras`, CONSTRAINT `tbl_compras_ibfk_2` FOREIGN KEY (`id_promo`) REFERENCES `tbl_promociones` (`id`) ON DELETE CASCADE ON UPDATE CASCADE). La sentencia SQL ejecutada fue: INSERT INTO `tbl_compras` (`votado`, `id_usuario`, `id_promo`, `referencia`, `fecha_compra`, `estado`) VALUES (:yp0, :yp1, :yp2, :yp3, :yp4, :yp5). Bound with :yp0=0, :yp1=11, :yp2=1, :yp3='276529426', :yp4='2014-02-27 14:44:59', :yp5=1.
2014/02/27 14:44:59 [error] [exception.CDbException] exception 'CDbException' with message 'CDbCommand falló al ejecutar la sentencia SQL: SQLSTATE[23000]: Integrity constraint violation: 1452 Cannot add or update a child row: a foreign key constraint fails (`promos`.`tbl_compras`, CONSTRAINT `tbl_compras_ibfk_2` FOREIGN KEY (`id_promo`) REFERENCES `tbl_promociones` (`id`) ON DELETE CASCADE ON UPDATE CASCADE)' in /var/www/vhosts/proemocion.com/httpdocs/yii/framework/db/CDbCommand.php:357
Stack trace:
#0 /var/www/vhosts/proemocion.com/httpdocs/yii/framework/db/ar/CActiveRecord.php(1023): CDbCommand->execute()
#1 /var/www/vhosts/proemocion.com/httpdocs/yii/framework/db/ar/CActiveRecord.php(795): CActiveRecord->insert(NULL)
#2 /var/www/vhosts/proemocion.com/httpdocs/protected/controllers/CompraController.php(318): CActiveRecord->save()
#3 /var/www/vhosts/proemocion.com/httpdocs/protected/controllers/CompraController.php(447): CompraController->insertarCompra(11, 1, '276529426', NULL, 'xyz123')
#4 /var/www/vhosts/proemocion.com/httpdocs/yii/framework/web/actions/CInlineAction.php(49): CompraController->actionCheckoutBono()
#5 /var/www/vhosts/proemocion.com/httpdocs/yii/framework/web/CController.php(308): CInlineAction->runWithParams(Array)
#6 /var/www/vhosts/proemocion.com/httpdocs/yii/framework/web/filters/CFilterChain.php(133): CController->runAction(Object(CInlineAction))
#7 /var/www/vhosts/proemocion.com/httpdocs/yii/framework/web/filters/CFilter.php(40): CFilterChain->run()
#8 /var/www/vhosts/proemocion.com/httpdocs/yii/framework/web/CController.php(1145): CFilter->filter(Object(CFilterChain))
#9 /var/www/vhosts/proemocion.com/httpdocs/yii/framework/web/filters/CInlineFilter.php(58): CController->filterAccessControl(Object(CFilterChain))
#10 /var/www/vhosts/proemocion.com/httpdocs/yii/framework/web/filters/CFilterChain.php(130): CInlineFilter->filter(Object(CFilterChain))
#11 /var/www/vhosts/proemocion.com/httpdocs/yii/framework/web/CController.php(291): CFilterChain->run()
#12 /var/www/vhosts/proemocion.com/httpdocs/yii/framework/web/CController.php(265): CController->runActionWithFilters(Object(CInlineAction), Array)
#13 /var/www/vhosts/proemocion.com/httpdocs/yii/framework/web/CWebApplication.php(282): CController->run('checkoutBono')
#14 /var/www/vhosts/proemocion.com/httpdocs/yii/framework/web/CWebApplication.php(141): CWebApplication->runController('compra/checkout...')
#15 /var/www/vhosts/proemocion.com/httpdocs/yii/framework/base/CApplication.php(169): CWebApplication->processRequest()
#16 /var/www/vhosts/proemocion.com/httpdocs/index.php(14): CApplication->run()
#17 {main}
REQUEST_URI=/compra/checkoutBono
---
2014/02/27 18:22:42 [error] [exception.CHttpException.404] exception 'CHttpException' with message 'No es posible resolver la solicitud "robots.txt"' in /var/www/vhosts/proemocion.com/httpdocs/yii/framework/web/CWebApplication.php:286
Stack trace:
#0 /var/www/vhosts/proemocion.com/httpdocs/yii/framework/web/CWebApplication.php(141): CWebApplication->runController('robots.txt')
#1 /var/www/vhosts/proemocion.com/httpdocs/yii/framework/base/CApplication.php(169): CWebApplication->processRequest()
#2 /var/www/vhosts/proemocion.com/httpdocs/index.php(14): CApplication->run()
#3 {main}
REQUEST_URI=/robots.txt
---
2014/02/27 18:39:16 [error] [exception.CHttpException.404] exception 'CHttpException' with message 'No es posible resolver la solicitud "robots.txt"' in /var/www/vhosts/proemocion.com/httpdocs/yii/framework/web/CWebApplication.php:286
Stack trace:
#0 /var/www/vhosts/proemocion.com/httpdocs/yii/framework/web/CWebApplication.php(141): CWebApplication->runController('robots.txt')
#1 /var/www/vhosts/proemocion.com/httpdocs/yii/framework/base/CApplication.php(169): CWebApplication->processRequest()
#2 /var/www/vhosts/proemocion.com/httpdocs/index.php(14): CApplication->run()
#3 {main}
REQUEST_URI=/robots.txt
---
2014/02/27 20:03:11 [error] [exception.CHttpException.404] exception 'CHttpException' with message 'No es posible resolver la solicitud "uploads/images/bc212312739812e305265405c2677bbf.jpg"' in /var/www/vhosts/proemocion.com/httpdocs/yii/framework/web/CWebApplication.php:286
Stack trace:
#0 /var/www/vhosts/proemocion.com/httpdocs/yii/framework/web/CWebApplication.php(141): CWebApplication->runController('uploads/images/...')
#1 /var/www/vhosts/proemocion.com/httpdocs/yii/framework/base/CApplication.php(169): CWebApplication->processRequest()
#2 /var/www/vhosts/proemocion.com/httpdocs/index.php(14): CApplication->run()
#3 {main}
REQUEST_URI=/uploads/images/bc212312739812e305265405c2677bbf.jpg
---
2014/02/28 00:06:45 [error] [system.db.CDbCommand] CDbCommand::execute() falló: SQLSTATE[23000]: Integrity constraint violation: 1452 Cannot add or update a child row: a foreign key constraint fails (`promos`.`tbl_compras`, CONSTRAINT `tbl_compras_ibfk_2` FOREIGN KEY (`id_promo`) REFERENCES `tbl_promociones` (`id`) ON DELETE CASCADE ON UPDATE CASCADE). La sentencia SQL ejecutada fue: INSERT INTO `tbl_compras` (`votado`, `id_usuario`, `id_promo`, `referencia`, `fecha_compra`, `estado`) VALUES (:yp0, :yp1, :yp2, :yp3, :yp4, :yp5). Bound with :yp0=0, :yp1=11, :yp2=1, :yp3='277301162', :yp4='2014-02-28 00:06:45', :yp5=1.
2014/02/28 00:06:45 [error] [exception.CDbException] exception 'CDbException' with message 'CDbCommand falló al ejecutar la sentencia SQL: SQLSTATE[23000]: Integrity constraint violation: 1452 Cannot add or update a child row: a foreign key constraint fails (`promos`.`tbl_compras`, CONSTRAINT `tbl_compras_ibfk_2` FOREIGN KEY (`id_promo`) REFERENCES `tbl_promociones` (`id`) ON DELETE CASCADE ON UPDATE CASCADE)' in /var/www/vhosts/proemocion.com/httpdocs/yii/framework/db/CDbCommand.php:357
Stack trace:
#0 /var/www/vhosts/proemocion.com/httpdocs/yii/framework/db/ar/CActiveRecord.php(1023): CDbCommand->execute()
#1 /var/www/vhosts/proemocion.com/httpdocs/yii/framework/db/ar/CActiveRecord.php(795): CActiveRecord->insert(NULL)
#2 /var/www/vhosts/proemocion.com/httpdocs/protected/controllers/CompraController.php(318): CActiveRecord->save()
#3 /var/www/vhosts/proemocion.com/httpdocs/protected/controllers/CompraController.php(447): CompraController->insertarCompra(11, 1, '277301162', NULL, '11_1')
#4 /var/www/vhosts/proemocion.com/httpdocs/yii/framework/web/actions/CInlineAction.php(49): CompraController->actionCheckoutBono()
#5 /var/www/vhosts/proemocion.com/httpdocs/yii/framework/web/CController.php(308): CInlineAction->runWithParams(Array)
#6 /var/www/vhosts/proemocion.com/httpdocs/yii/framework/web/filters/CFilterChain.php(133): CController->runAction(Object(CInlineAction))
#7 /var/www/vhosts/proemocion.com/httpdocs/yii/framework/web/filters/CFilter.php(40): CFilterChain->run()
#8 /var/www/vhosts/proemocion.com/httpdocs/yii/framework/web/CController.php(1145): CFilter->filter(Object(CFilterChain))
#9 /var/www/vhosts/proemocion.com/httpdocs/yii/framework/web/filters/CInlineFilter.php(58): CController->filterAccessControl(Object(CFilterChain))
#10 /var/www/vhosts/proemocion.com/httpdocs/yii/framework/web/filters/CFilterChain.php(130): CInlineFilter->filter(Object(CFilterChain))
#11 /var/www/vhosts/proemocion.com/httpdocs/yii/framework/web/CController.php(291): CFilterChain->run()
#12 /var/www/vhosts/proemocion.com/httpdocs/yii/framework/web/CController.php(265): CController->runActionWithFilters(Object(CInlineAction), Array)
#13 /var/www/vhosts/proemocion.com/httpdocs/yii/framework/web/CWebApplication.php(282): CController->run('checkoutBono')
#14 /var/www/vhosts/proemocion.com/httpdocs/yii/framework/web/CWebApplication.php(141): CWebApplication->runController('compra/checkout...')
#15 /var/www/vhosts/proemocion.com/httpdocs/yii/framework/base/CApplication.php(169): CWebApplication->processRequest()
#16 /var/www/vhosts/proemocion.com/httpdocs/index.php(14): CApplication->run()
#17 {main}
REQUEST_URI=/compra/checkoutBono
---
2014/02/28 00:07:00 [error] [system.db.CDbCommand] CDbCommand::execute() falló: SQLSTATE[23000]: Integrity constraint violation: 1452 Cannot add or update a child row: a foreign key constraint fails (`promos`.`tbl_compras`, CONSTRAINT `tbl_compras_ibfk_2` FOREIGN KEY (`id_promo`) REFERENCES `tbl_promociones` (`id`) ON DELETE CASCADE ON UPDATE CASCADE). La sentencia SQL ejecutada fue: INSERT INTO `tbl_compras` (`votado`, `id_usuario`, `id_promo`, `referencia`, `fecha_compra`, `estado`) VALUES (:yp0, :yp1, :yp2, :yp3, :yp4, :yp5). Bound with :yp0=0, :yp1=11, :yp2=1, :yp3='835149278', :yp4='2014-02-28 00:07:00', :yp5=1.
2014/02/28 00:07:00 [error] [exception.CDbException] exception 'CDbException' with message 'CDbCommand falló al ejecutar la sentencia SQL: SQLSTATE[23000]: Integrity constraint violation: 1452 Cannot add or update a child row: a foreign key constraint fails (`promos`.`tbl_compras`, CONSTRAINT `tbl_compras_ibfk_2` FOREIGN KEY (`id_promo`) REFERENCES `tbl_promociones` (`id`) ON DELETE CASCADE ON UPDATE CASCADE)' in /var/www/vhosts/proemocion.com/httpdocs/yii/framework/db/CDbCommand.php:357
Stack trace:
#0 /var/www/vhosts/proemocion.com/httpdocs/yii/framework/db/ar/CActiveRecord.php(1023): CDbCommand->execute()
#1 /var/www/vhosts/proemocion.com/httpdocs/yii/framework/db/ar/CActiveRecord.php(795): CActiveRecord->insert(NULL)
#2 /var/www/vhosts/proemocion.com/httpdocs/protected/controllers/CompraController.php(318): CActiveRecord->save()
#3 /var/www/vhosts/proemocion.com/httpdocs/protected/controllers/CompraController.php(447): CompraController->insertarCompra(11, 1, '835149278', NULL, 'xyz123')
#4 /var/www/vhosts/proemocion.com/httpdocs/yii/framework/web/actions/CInlineAction.php(49): CompraController->actionCheckoutBono()
#5 /var/www/vhosts/proemocion.com/httpdocs/yii/framework/web/CController.php(308): CInlineAction->runWithParams(Array)
#6 /var/www/vhosts/proemocion.com/httpdocs/yii/framework/web/filters/CFilterChain.php(133): CController->runAction(Object(CInlineAction))
#7 /var/www/vhosts/proemocion.com/httpdocs/yii/framework/web/filters/CFilter.php(40): CFilterChain->run()
#8 /var/www/vhosts/proemocion.com/httpdocs/yii/framework/web/CController.php(1145): CFilter->filter(Object(CFilterChain))
#9 /var/www/vhosts/proemocion.com/httpdocs/yii/framework/web/filters/CInlineFilter.php(58): CController->filterAccessControl(Object(CFilterChain))
#10 /var/www/vhosts/proemocion.com/httpdocs/yii/framework/web/filters/CFilterChain.php(130): CInlineFilter->filter(Object(CFilterChain))
#11 /var/www/vhosts/proemocion.com/httpdocs/yii/framework/web/CController.php(291): CFilterChain->run()
#12 /var/www/vhosts/proemocion.com/httpdocs/yii/framework/web/CController.php(265): CController->runActionWithFilters(Object(CInlineAction), Array)
#13 /var/www/vhosts/proemocion.com/httpdocs/yii/framework/web/CWebApplication.php(282): CController->run('checkoutBono')
#14 /var/www/vhosts/proemocion.com/httpdocs/yii/framework/web/CWebApplication.php(141): CWebApplication->runController('compra/checkout...')
#15 /var/www/vhosts/proemocion.com/httpdocs/yii/framework/base/CApplication.php(169): CWebApplication->processRequest()
#16 /var/www/vhosts/proemocion.com/httpdocs/index.php(14): CApplication->run()
#17 {main}
REQUEST_URI=/compra/checkoutBono
---
2014/02/28 00:07:23 [error] [system.db.CDbCommand] CDbCommand::execute() falló: SQLSTATE[23000]: Integrity constraint violation: 1452 Cannot add or update a child row: a foreign key constraint fails (`promos`.`tbl_compras`, CONSTRAINT `tbl_compras_ibfk_2` FOREIGN KEY (`id_promo`) REFERENCES `tbl_promociones` (`id`) ON DELETE CASCADE ON UPDATE CASCADE). La sentencia SQL ejecutada fue: INSERT INTO `tbl_compras` (`votado`, `id_usuario`, `id_promo`, `referencia`, `fecha_compra`, `estado`) VALUES (:yp0, :yp1, :yp2, :yp3, :yp4, :yp5). Bound with :yp0=0, :yp1=11, :yp2=1, :yp3='965659700', :yp4='2014-02-28 00:07:23', :yp5=1.
2014/02/28 00:07:23 [error] [exception.CDbException] exception 'CDbException' with message 'CDbCommand falló al ejecutar la sentencia SQL: SQLSTATE[23000]: Integrity constraint violation: 1452 Cannot add or update a child row: a foreign key constraint fails (`promos`.`tbl_compras`, CONSTRAINT `tbl_compras_ibfk_2` FOREIGN KEY (`id_promo`) REFERENCES `tbl_promociones` (`id`) ON DELETE CASCADE ON UPDATE CASCADE)' in /var/www/vhosts/proemocion.com/httpdocs/yii/framework/db/CDbCommand.php:357
Stack trace:
#0 /var/www/vhosts/proemocion.com/httpdocs/yii/framework/db/ar/CActiveRecord.php(1023): CDbCommand->execute()
#1 /var/www/vhosts/proemocion.com/httpdocs/yii/framework/db/ar/CActiveRecord.php(795): CActiveRecord->insert(NULL)
#2 /var/www/vhosts/proemocion.com/httpdocs/protected/controllers/CompraController.php(318): CActiveRecord->save()
#3 /var/www/vhosts/proemocion.com/httpdocs/protected/controllers/CompraController.php(447): CompraController->insertarCompra(11, 1, '965659700', NULL, 'xyz123')
#4 /var/www/vhosts/proemocion.com/httpdocs/yii/framework/web/actions/CInlineAction.php(49): CompraController->actionCheckoutBono()
#5 /var/www/vhosts/proemocion.com/httpdocs/yii/framework/web/CController.php(308): CInlineAction->runWithParams(Array)
#6 /var/www/vhosts/proemocion.com/httpdocs/yii/framework/web/filters/CFilterChain.php(133): CController->runAction(Object(CInlineAction))
#7 /var/www/vhosts/proemocion.com/httpdocs/yii/framework/web/filters/CFilter.php(40): CFilterChain->run()
#8 /var/www/vhosts/proemocion.com/httpdocs/yii/framework/web/CController.php(1145): CFilter->filter(Object(CFilterChain))
#9 /var/www/vhosts/proemocion.com/httpdocs/yii/framework/web/filters/CInlineFilter.php(58): CController->filterAccessControl(Object(CFilterChain))
#10 /var/www/vhosts/proemocion.com/httpdocs/yii/framework/web/filters/CFilterChain.php(130): CInlineFilter->filter(Object(CFilterChain))
#11 /var/www/vhosts/proemocion.com/httpdocs/yii/framework/web/CController.php(291): CFilterChain->run()
#12 /var/www/vhosts/proemocion.com/httpdocs/yii/framework/web/CController.php(265): CController->runActionWithFilters(Object(CInlineAction), Array)
#13 /var/www/vhosts/proemocion.com/httpdocs/yii/framework/web/CWebApplication.php(282): CController->run('checkoutBono')
#14 /var/www/vhosts/proemocion.com/httpdocs/yii/framework/web/CWebApplication.php(141): CWebApplication->runController('compra/checkout...')
#15 /var/www/vhosts/proemocion.com/httpdocs/yii/framework/base/CApplication.php(169): CWebApplication->processRequest()
#16 /var/www/vhosts/proemocion.com/httpdocs/index.php(14): CApplication->run()
#17 {main}
REQUEST_URI=/compra/checkoutBono
---
2014/02/28 00:08:53 [error] [system.db.CDbCommand] CDbCommand::execute() falló: SQLSTATE[23000]: Integrity constraint violation: 1452 Cannot add or update a child row: a foreign key constraint fails (`promos`.`tbl_compras`, CONSTRAINT `tbl_compras_ibfk_2` FOREIGN KEY (`id_promo`) REFERENCES `tbl_promociones` (`id`) ON DELETE CASCADE ON UPDATE CASCADE). La sentencia SQL ejecutada fue: INSERT INTO `tbl_compras` (`votado`, `id_usuario`, `id_promo`, `referencia`, `fecha_compra`, `estado`) VALUES (:yp0, :yp1, :yp2, :yp3, :yp4, :yp5). Bound with :yp0=0, :yp1=11, :yp2=1, :yp3='212021777', :yp4='2014-02-28 00:08:53', :yp5=1.
2014/02/28 00:08:53 [error] [exception.CDbException] exception 'CDbException' with message 'CDbCommand falló al ejecutar la sentencia SQL: SQLSTATE[23000]: Integrity constraint violation: 1452 Cannot add or update a child row: a foreign key constraint fails (`promos`.`tbl_compras`, CONSTRAINT `tbl_compras_ibfk_2` FOREIGN KEY (`id_promo`) REFERENCES `tbl_promociones` (`id`) ON DELETE CASCADE ON UPDATE CASCADE)' in /var/www/vhosts/proemocion.com/httpdocs/yii/framework/db/CDbCommand.php:357
Stack trace:
#0 /var/www/vhosts/proemocion.com/httpdocs/yii/framework/db/ar/CActiveRecord.php(1023): CDbCommand->execute()
#1 /var/www/vhosts/proemocion.com/httpdocs/yii/framework/db/ar/CActiveRecord.php(795): CActiveRecord->insert(NULL)
#2 /var/www/vhosts/proemocion.com/httpdocs/protected/controllers/CompraController.php(318): CActiveRecord->save()
#3 /var/www/vhosts/proemocion.com/httpdocs/protected/controllers/CompraController.php(447): CompraController->insertarCompra(11, 1, '212021777', NULL, 'xyz123')
#4 /var/www/vhosts/proemocion.com/httpdocs/yii/framework/web/actions/CInlineAction.php(49): CompraController->actionCheckoutBono()
#5 /var/www/vhosts/proemocion.com/httpdocs/yii/framework/web/CController.php(308): CInlineAction->runWithParams(Array)
#6 /var/www/vhosts/proemocion.com/httpdocs/yii/framework/web/filters/CFilterChain.php(133): CController->runAction(Object(CInlineAction))
#7 /var/www/vhosts/proemocion.com/httpdocs/yii/framework/web/filters/CFilter.php(40): CFilterChain->run()
#8 /var/www/vhosts/proemocion.com/httpdocs/yii/framework/web/CController.php(1145): CFilter->filter(Object(CFilterChain))
#9 /var/www/vhosts/proemocion.com/httpdocs/yii/framework/web/filters/CInlineFilter.php(58): CController->filterAccessControl(Object(CFilterChain))
#10 /var/www/vhosts/proemocion.com/httpdocs/yii/framework/web/filters/CFilterChain.php(130): CInlineFilter->filter(Object(CFilterChain))
#11 /var/www/vhosts/proemocion.com/httpdocs/yii/framework/web/CController.php(291): CFilterChain->run()
#12 /var/www/vhosts/proemocion.com/httpdocs/yii/framework/web/CController.php(265): CController->runActionWithFilters(Object(CInlineAction), Array)
#13 /var/www/vhosts/proemocion.com/httpdocs/yii/framework/web/CWebApplication.php(282): CController->run('checkoutBono')
#14 /var/www/vhosts/proemocion.com/httpdocs/yii/framework/web/CWebApplication.php(141): CWebApplication->runController('compra/checkout...')
#15 /var/www/vhosts/proemocion.com/httpdocs/yii/framework/base/CApplication.php(169): CWebApplication->processRequest()
#16 /var/www/vhosts/proemocion.com/httpdocs/index.php(14): CApplication->run()
#17 {main}
REQUEST_URI=/compra/checkoutBono
---
