2013/05/23 03:30:08 [error] [system.db.CDbCommand] CDbCommand::fetchAll() failed: SQLSTATE[42S22]: Column not found: 1054 Unknown column 'isUser' in 'where clause'. The SQL statement executed was: SELECT `contacto`.`id` AS `t1_c0`, `contacto`.`telefono` AS `t1_c1`, `contacto`.`fax` AS `t1_c2`, `contacto`.`cp` AS `t1_c3`, `contacto`.`barrio` AS `t1_c4`, `contacto`.`direccion` AS `t1_c5`, `contacto`.`poblacion_id` AS `t1_c6` FROM `tbl_contactos` `contacto`  WHERE (isUser=1) AND (`contacto`.`user_id`=:ypl0). Bound with :ypl0='7'.
in /opt/lampp/htdocs/promos/protected/modules/user/controllers/EmpresaController.php (38)
in /opt/lampp/htdocs/promos/index.php (13)
2013/05/23 03:32:29 [error] [system.db.CDbCommand] CDbCommand::fetchAll() failed: SQLSTATE[42S22]: Column not found: 1054 Unknown column 'contacto.user_id' in 'where clause'. The SQL statement executed was: SELECT `contacto`.`id` AS `t1_c0`, `contacto`.`telefono` AS `t1_c1`, `contacto`.`fax` AS `t1_c2`, `contacto`.`cp` AS `t1_c3`, `contacto`.`barrio` AS `t1_c4`, `contacto`.`direccion` AS `t1_c5`, `contacto`.`poblacion_id` AS `t1_c6` FROM `tbl_contactos` `contacto`  WHERE (`contacto`.`user_id`=:ypl0). Bound with :ypl0='7'.
in /opt/lampp/htdocs/promos/protected/modules/user/controllers/EmpresaController.php (38)
in /opt/lampp/htdocs/promos/index.php (13)
2013/05/23 03:32:42 [error] [system.db.CDbCommand] CDbCommand::fetchAll() failed: SQLSTATE[42S22]: Column not found: 1054 Unknown column 'contacto.user_id' in 'where clause'. The SQL statement executed was: SELECT `contacto`.`id` AS `t1_c0`, `contacto`.`telefono` AS `t1_c1`, `contacto`.`fax` AS `t1_c2`, `contacto`.`cp` AS `t1_c3`, `contacto`.`barrio` AS `t1_c4`, `contacto`.`direccion` AS `t1_c5`, `contacto`.`poblacion_id` AS `t1_c6` FROM `tbl_contactos` `contacto`  WHERE (`contacto`.`user_id`=:ypl0). Bound with :ypl0='7'.
in /opt/lampp/htdocs/promos/protected/modules/user/controllers/EmpresaController.php (38)
in /opt/lampp/htdocs/promos/index.php (13)
2013/05/23 03:54:47 [error] [system.db.CDbCommand] CDbCommand::fetchAll() failed: SQLSTATE[42S22]: Column not found: 1054 Unknown column 'contacto.contacto_id' in 'where clause'. The SQL statement executed was: SELECT `contacto`.`id` AS `t1_c0`, `contacto`.`telefono` AS `t1_c1`, `contacto`.`fax` AS `t1_c2`, `contacto`.`cp` AS `t1_c3`, `contacto`.`barrio` AS `t1_c4`, `contacto`.`direccion` AS `t1_c5`, `contacto`.`poblacion_id` AS `t1_c6` FROM `tbl_contactos` `contacto`  WHERE (`contacto`.`contacto_id`=:ypl0). Bound with :ypl0='7'.
in /opt/lampp/htdocs/promos/protected/modules/user/controllers/ProfileController.php (38)
in /opt/lampp/htdocs/promos/index.php (13)
2013/05/23 03:55:33 [error] [system.db.CDbCommand] CDbCommand::fetchAll() failed: SQLSTATE[42S22]: Column not found: 1054 Unknown column 'contacto.contacto_id' in 'where clause'. The SQL statement executed was: SELECT `contacto`.`id` AS `t1_c0`, `contacto`.`telefono` AS `t1_c1`, `contacto`.`fax` AS `t1_c2`, `contacto`.`cp` AS `t1_c3`, `contacto`.`barrio` AS `t1_c4`, `contacto`.`direccion` AS `t1_c5`, `contacto`.`poblacion_id` AS `t1_c6` FROM `tbl_contactos` `contacto`  WHERE (`contacto`.`contacto_id`=:ypl0). Bound with :ypl0='7'.
in /opt/lampp/htdocs/promos/protected/modules/user/controllers/ProfileController.php (38)
in /opt/lampp/htdocs/promos/index.php (13)
2013/05/23 04:00:40 [error] [system.db.CDbCommand] CDbCommand::fetchAll() failed: SQLSTATE[42S22]: Column not found: 1054 Unknown column 'contacto.contacto_id' in 'where clause'. The SQL statement executed was: SELECT `contacto`.`id` AS `t1_c0`, `contacto`.`telefono` AS `t1_c1`, `contacto`.`fax` AS `t1_c2`, `contacto`.`cp` AS `t1_c3`, `contacto`.`barrio` AS `t1_c4`, `contacto`.`direccion` AS `t1_c5`, `contacto`.`poblacion_id` AS `t1_c6` FROM `tbl_contactos` `contacto`  WHERE (`contacto`.`contacto_id`=:ypl0). Bound with :ypl0='7'.
in /opt/lampp/htdocs/promos/protected/modules/user/controllers/ProfileController.php (38)
in /opt/lampp/htdocs/promos/index.php (13)
2013/05/23 11:23:43 [error] [system.db.CDbCommand] CDbCommand::fetchAll() failed: SQLSTATE[42S22]: Column not found: 1054 Unknown column 'contacto.contacto_id' in 'where clause'. The SQL statement executed was: SELECT `contacto`.`id` AS `t1_c0`, `contacto`.`telefono` AS `t1_c1`, `contacto`.`fax` AS `t1_c2`, `contacto`.`cp` AS `t1_c3`, `contacto`.`barrio` AS `t1_c4`, `contacto`.`direccion` AS `t1_c5`, `contacto`.`poblacion_id` AS `t1_c6` FROM `tbl_contactos` `contacto`  WHERE (`contacto`.`contacto_id`=:ypl0). Bound with :ypl0='56'.
in /opt/lampp/htdocs/promos/protected/modules/user/controllers/AdminController.php (127)
in /opt/lampp/htdocs/promos/index.php (13)
